<?xml version="1.0" encoding="UTF-8"?>
<robot generator="Robot 6.0.2 (Python 3.11.2 on win32)" generated="20230505 14:04:51.686" rpa="false" schemaversion="3">
<suite id="s1" name="Formulaire De contact" source="C:\Users\h\PycharmProjects\Automation\Contact\Formulaire_De_contact.robot">
<test id="s1-t1" name="Formulaire de contact" line="8">
<kw name="Open Browser" library="SeleniumLibrary">
<arg>https://fid-web.lbv-fidelite-dev.label-factory.ma/signin</arg>
<doc>Opens a new browser instance to the optional ``url``.</doc>
<msg timestamp="20230505 14:04:52.072" level="INFO">Opening browser 'firefox' to base url 'https://fid-web.lbv-fidelite-dev.label-factory.ma/signin'.</msg>
<msg timestamp="20230505 14:04:52.072" level="INFO">Firefox driver log is always forced to to: C:\Users\h\PycharmProjects\Automation\Contact\geckodriver-5.log</msg>
<status status="PASS" starttime="20230505 14:04:52.072" endtime="20230505 14:05:06.934"/>
</kw>
<kw name="Input Text" library="SeleniumLibrary">
<arg>id : mui-1</arg>
<arg>0650225690</arg>
<doc>Types the given ``text`` into the text field identified by ``locator``.</doc>
<msg timestamp="20230505 14:05:06.934" level="INFO">Typing text '0650225690' into text field 'id : mui-1'.</msg>
<status status="PASS" starttime="20230505 14:05:06.934" endtime="20230505 14:05:07.135"/>
</kw>
<kw name="Input Text" library="SeleniumLibrary">
<arg>id : mui-2</arg>
<arg>Password@123</arg>
<doc>Types the given ``text`` into the text field identified by ``locator``.</doc>
<msg timestamp="20230505 14:05:07.135" level="INFO">Typing text 'Password@123' into text field 'id : mui-2'.</msg>
<status status="PASS" starttime="20230505 14:05:07.135" endtime="20230505 14:05:07.282"/>
</kw>
<kw name="Click Button" library="SeleniumLibrary">
<arg>id :mui-3</arg>
<doc>Clicks the button identified by ``locator``.</doc>
<msg timestamp="20230505 14:05:07.288" level="INFO">Clicking button 'id :mui-3'.</msg>
<status status="PASS" starttime="20230505 14:05:07.288" endtime="20230505 14:05:07.567"/>
</kw>
<kw name="Wait Until Page Contains Element" library="SeleniumLibrary">
<arg>id :GoToFidelitySpace</arg>
<doc>Waits until the element ``locator`` appears on the current page.</doc>
<status status="PASS" starttime="20230505 14:05:07.567" endtime="20230505 14:05:10.258"/>
</kw>
<kw name="Click Button" library="SeleniumLibrary">
<arg>id :GoToFidelitySpace</arg>
<doc>Clicks the button identified by ``locator``.</doc>
<msg timestamp="20230505 14:05:10.258" level="INFO">Clicking button 'id :GoToFidelitySpace'.</msg>
<status status="PASS" starttime="20230505 14:05:10.258" endtime="20230505 14:05:10.525"/>
</kw>
<kw name="Wait Until Page Contains Element" library="SeleniumLibrary">
<arg>Xpath://*[@id="__next"]/div/div[3]/div[2]/div[1]/nav[3]/a[4]</arg>
<doc>Waits until the element ``locator`` appears on the current page.</doc>
<status status="PASS" starttime="20230505 14:05:10.525" endtime="20230505 14:05:13.315"/>
</kw>
<kw name="Click Element" library="SeleniumLibrary">
<arg>xpath://*[@id="__next"]/div/div[3]/div[2]/div[1]/nav[3]/a[4]</arg>
<doc>Click the element identified by ``locator``.</doc>
<msg timestamp="20230505 14:05:13.315" level="INFO">Clicking element 'xpath://*[@id="__next"]/div/div[3]/div[2]/div[1]/nav[3]/a[4]'.</msg>
<status status="PASS" starttime="20230505 14:05:13.315" endtime="20230505 14:05:22.406"/>
</kw>
<kw name="Sleep" library="BuiltIn">
<arg>3s</arg>
<doc>Pauses the test executed for the given time.</doc>
<msg timestamp="20230505 14:05:25.407" level="INFO">Slept 3 seconds</msg>
<status status="PASS" starttime="20230505 14:05:22.406" endtime="20230505 14:05:25.407"/>
</kw>
<kw name="Input Text" library="SeleniumLibrary">
<arg>id :</arg>
<arg>ield_lwuxe</arg>
<doc>Types the given ``text`` into the text field identified by ``locator``.</doc>
<msg timestamp="20230505 14:05:25.407" level="INFO">Typing text 'ield_lwuxe' into text field 'id :'.</msg>
<msg timestamp="20230505 14:05:25.889" level="WARN">Keyword 'Capture Page Screenshot' could not be run on failure: Message: Tried to run command without establishing a connection
</msg>
<msg timestamp="20230505 14:05:25.889" level="FAIL">WebDriverException: Message: Failed to decode response from marionette
</msg>
<status status="FAIL" starttime="20230505 14:05:25.407" endtime="20230505 14:05:25.889"/>
</kw>
<kw name="Input Text" library="SeleniumLibrary">
<arg>id :</arg>
<arg>field_uuinm</arg>
<doc>Types the given ``text`` into the text field identified by ``locator``.</doc>
<status status="NOT RUN" starttime="20230505 14:05:25.889" endtime="20230505 14:05:25.889"/>
</kw>
<kw name="Input Text" library="SeleniumLibrary">
<arg>id :</arg>
<arg>field_u9068</arg>
<doc>Types the given ``text`` into the text field identified by ``locator``.</doc>
<status status="NOT RUN" starttime="20230505 14:05:25.889" endtime="20230505 14:05:25.889"/>
</kw>
<kw name="Input Text" library="SeleniumLibrary">
<doc>Types the given ``text`` into the text field identified by ``locator``.</doc>
<status status="NOT RUN" starttime="20230505 14:05:25.889" endtime="20230505 14:05:25.889"/>
</kw>
<kw name="Input Text" library="SeleniumLibrary">
<doc>Types the given ``text`` into the text field identified by ``locator``.</doc>
<status status="NOT RUN" starttime="20230505 14:05:25.889" endtime="20230505 14:05:25.889"/>
</kw>
<kw name="Close Browser" library="SeleniumLibrary">
<doc>Closes the current browser.</doc>
<status status="NOT RUN" starttime="20230505 14:05:25.889" endtime="20230505 14:05:25.889"/>
</kw>
<status status="FAIL" starttime="20230505 14:04:52.072" endtime="20230505 14:05:25.889">WebDriverException: Message: Failed to decode response from marionette
</status>
</test>
<status status="FAIL" starttime="20230505 14:04:51.686" endtime="20230505 14:05:25.905"/>
</suite>
<statistics>
<total>
<stat pass="0" fail="1" skip="0">All Tests</stat>
</total>
<tag>
</tag>
<suite>
<stat pass="0" fail="1" skip="0" id="s1" name="Formulaire De contact">Formulaire De contact</stat>
</suite>
</statistics>
<errors>
<msg timestamp="20230505 14:05:25.889" level="WARN">Keyword 'Capture Page Screenshot' could not be run on failure: Message: Tried to run command without establishing a connection
</msg>
</errors>
</robot>
