<?xml version="1.0" encoding="UTF-8"?>
<robot generator="Robot 6.0.2 (Python 3.11.2 on win32)" generated="20230508 13:28:51.828" rpa="false" schemaversion="3">
<suite id="s1" name="Afficher Historique achats" source="C:\Users\h\PycharmProjects\Automation\Historique d’achats\Afficher_Historique_achats.robot">
<test id="s1-t1" name="Afficher les &quot;Historique d’achats&quot;" line="8">
<kw name="Open Browser" library="SeleniumLibrary">
<arg>https://fid-web.lbv-fidelite-dev.label-factory.ma/signin</arg>
<doc>Opens a new browser instance to the optional ``url``.</doc>
<msg timestamp="20230508 13:28:52.605" level="INFO">Opening browser 'firefox' to base url 'https://fid-web.lbv-fidelite-dev.label-factory.ma/signin'.</msg>
<msg timestamp="20230508 13:28:52.620" level="INFO">Firefox driver log is always forced to to: C:\Users\h\PycharmProjects\Automation\Historique d’achats\geckodriver-1.log</msg>
<status status="PASS" starttime="20230508 13:28:52.605" endtime="20230508 13:29:04.091"/>
</kw>
<kw name="Input Text" library="SeleniumLibrary">
<arg>id : mui-1</arg>
<arg>0650225690</arg>
<doc>Types the given ``text`` into the text field identified by ``locator``.</doc>
<msg timestamp="20230508 13:29:04.091" level="INFO">Typing text '0650225690' into text field 'id : mui-1'.</msg>
<status status="PASS" starttime="20230508 13:29:04.091" endtime="20230508 13:29:04.434"/>
</kw>
<kw name="Input Text" library="SeleniumLibrary">
<arg>id : mui-2</arg>
<arg>Password@123</arg>
<doc>Types the given ``text`` into the text field identified by ``locator``.</doc>
<msg timestamp="20230508 13:29:04.444" level="INFO">Typing text 'Password@123' into text field 'id : mui-2'.</msg>
<status status="PASS" starttime="20230508 13:29:04.442" endtime="20230508 13:29:04.676"/>
</kw>
<kw name="Click Button" library="SeleniumLibrary">
<arg>id :mui-3</arg>
<doc>Clicks the button identified by ``locator``.</doc>
<msg timestamp="20230508 13:29:04.676" level="INFO">Clicking button 'id :mui-3'.</msg>
<status status="PASS" starttime="20230508 13:29:04.676" endtime="20230508 13:29:04.986"/>
</kw>
<kw name="Wait Until Page Contains Element" library="SeleniumLibrary">
<arg>id :GoToFidelitySpace</arg>
<doc>Waits until the element ``locator`` appears on the current page.</doc>
<status status="PASS" starttime="20230508 13:29:04.988" endtime="20230508 13:29:05.238"/>
</kw>
<kw name="Click Button" library="SeleniumLibrary">
<arg>id :GoToFidelitySpace</arg>
<doc>Clicks the button identified by ``locator``.</doc>
<msg timestamp="20230508 13:29:05.240" level="INFO">Clicking button 'id :GoToFidelitySpace'.</msg>
<status status="PASS" starttime="20230508 13:29:05.238" endtime="20230508 13:29:05.508"/>
</kw>
<kw name="Wait Until Page Contains Element" library="SeleniumLibrary">
<arg>Xpath://*[@id="__next"]/div/div[2]/div/div[2]/div[2]/div[1]/div/a</arg>
<doc>Waits until the element ``locator`` appears on the current page.</doc>
<status status="PASS" starttime="20230508 13:29:05.508" endtime="20230508 13:29:05.851"/>
</kw>
<kw name="Sleep" library="BuiltIn">
<arg>3s</arg>
<doc>Pauses the test executed for the given time.</doc>
<msg timestamp="20230508 13:29:08.874" level="INFO">Slept 3 seconds</msg>
<status status="PASS" starttime="20230508 13:29:05.871" endtime="20230508 13:29:08.874"/>
</kw>
<kw name="Click Element" library="SeleniumLibrary">
<arg>Xpath://*[@id="__next"]/div/div[2]/div/div[2]/div[2]/div[1]/div/a</arg>
<doc>Click the element identified by ``locator``.</doc>
<msg timestamp="20230508 13:29:08.874" level="INFO">Clicking element 'Xpath://*[@id="__next"]/div/div[2]/div/div[2]/div[2]/div[1]/div/a'.</msg>
<status status="PASS" starttime="20230508 13:29:08.874" endtime="20230508 13:29:09.947"/>
</kw>
<kw name="Sleep" library="BuiltIn">
<arg>3s</arg>
<doc>Pauses the test executed for the given time.</doc>
<msg timestamp="20230508 13:29:12.947" level="INFO">Slept 3 seconds</msg>
<status status="PASS" starttime="20230508 13:29:09.947" endtime="20230508 13:29:12.947"/>
</kw>
<kw name="Close Browser" library="SeleniumLibrary">
<doc>Closes the current browser.</doc>
<status status="PASS" starttime="20230508 13:29:12.947" endtime="20230508 13:29:17.257"/>
</kw>
<status status="PASS" starttime="20230508 13:28:52.605" endtime="20230508 13:29:17.257"/>
</test>
<status status="PASS" starttime="20230508 13:28:51.828" endtime="20230508 13:29:17.257"/>
</suite>
<statistics>
<total>
<stat pass="1" fail="0" skip="0">All Tests</stat>
</total>
<tag>
</tag>
<suite>
<stat pass="1" fail="0" skip="0" id="s1" name="Afficher Historique achats">Afficher Historique achats</stat>
</suite>
</statistics>
<errors>
</errors>
</robot>
