<?xml version="1.0" encoding="UTF-8"?>
<robot generator="Robot 6.0.2 (Python 3.11.2 on win32)" generated="20230508 14:32:21.403" rpa="false" schemaversion="3">
<suite id="s1" name="Rejoignez nous Youtube" source="C:\Users\h\PycharmProjects\Automation\Les réseaux sociaux\Rejoignez_nous_Youtube.robot">
<test id="s1-t1" name="Rejoignez-nous sur : Instagram" line="8">
<kw name="Open Browser" library="SeleniumLibrary">
<arg>https://fid-web.lbv-fidelite-dev.label-factory.ma/signin</arg>
<doc>Opens a new browser instance to the optional ``url``.</doc>
<msg timestamp="20230508 14:32:22.205" level="INFO">Opening browser 'firefox' to base url 'https://fid-web.lbv-fidelite-dev.label-factory.ma/signin'.</msg>
<msg timestamp="20230508 14:32:22.205" level="INFO">Firefox driver log is always forced to to: C:\Users\h\PycharmProjects\Automation\Les réseaux sociaux\geckodriver-7.log</msg>
<status status="PASS" starttime="20230508 14:32:22.205" endtime="20230508 14:32:40.756"/>
</kw>
<kw name="Input Text" library="SeleniumLibrary">
<arg>id : mui-1</arg>
<arg>0650225690</arg>
<doc>Types the given ``text`` into the text field identified by ``locator``.</doc>
<msg timestamp="20230508 14:32:40.756" level="INFO">Typing text '0650225690' into text field 'id : mui-1'.</msg>
<status status="PASS" starttime="20230508 14:32:40.756" endtime="20230508 14:32:41.111"/>
</kw>
<kw name="Input Text" library="SeleniumLibrary">
<arg>id : mui-2</arg>
<arg>Password@123</arg>
<doc>Types the given ``text`` into the text field identified by ``locator``.</doc>
<msg timestamp="20230508 14:32:41.111" level="INFO">Typing text 'Password@123' into text field 'id : mui-2'.</msg>
<status status="PASS" starttime="20230508 14:32:41.111" endtime="20230508 14:32:41.343"/>
</kw>
<kw name="Click Button" library="SeleniumLibrary">
<arg>id :mui-3</arg>
<doc>Clicks the button identified by ``locator``.</doc>
<msg timestamp="20230508 14:32:41.343" level="INFO">Clicking button 'id :mui-3'.</msg>
<status status="PASS" starttime="20230508 14:32:41.343" endtime="20230508 14:32:41.675"/>
</kw>
<kw name="Wait Until Page Contains Element" library="SeleniumLibrary">
<arg>id :GoToFidelitySpace</arg>
<doc>Waits until the element ``locator`` appears on the current page.</doc>
<status status="PASS" starttime="20230508 14:32:41.675" endtime="20230508 14:32:42.089"/>
</kw>
<kw name="Click Button" library="SeleniumLibrary">
<arg>id :GoToFidelitySpace</arg>
<doc>Clicks the button identified by ``locator``.</doc>
<msg timestamp="20230508 14:32:42.089" level="INFO">Clicking button 'id :GoToFidelitySpace'.</msg>
<status status="PASS" starttime="20230508 14:32:42.089" endtime="20230508 14:32:42.377"/>
</kw>
<kw name="Wait Until Page Contains Element" library="SeleniumLibrary">
<arg>Xpath://*[@id="__next"]/div/div[3]/div[2]/div[1]/nav[4]/a[3]</arg>
<doc>Waits until the element ``locator`` appears on the current page.</doc>
<status status="PASS" starttime="20230508 14:32:42.377" endtime="20230508 14:32:42.677"/>
</kw>
<kw name="Click Element" library="SeleniumLibrary">
<arg>Xpath://*[@id="__next"]/div/div[3]/div[2]/div[1]/nav[4]/a[3]</arg>
<doc>Click the element identified by ``locator``.</doc>
<msg timestamp="20230508 14:32:42.693" level="INFO">Clicking element 'Xpath://*[@id="__next"]/div/div[3]/div[2]/div[1]/nav[4]/a[3]'.</msg>
<status status="PASS" starttime="20230508 14:32:42.677" endtime="20230508 14:32:43.300"/>
</kw>
<kw name="Close Browser" library="SeleniumLibrary">
<doc>Closes the current browser.</doc>
<status status="PASS" starttime="20230508 14:32:43.338" endtime="20230508 14:32:47.569"/>
</kw>
<status status="PASS" starttime="20230508 14:32:22.205" endtime="20230508 14:32:47.569"/>
</test>
<status status="PASS" starttime="20230508 14:32:21.403" endtime="20230508 14:32:47.569"/>
</suite>
<statistics>
<total>
<stat pass="1" fail="0" skip="0">All Tests</stat>
</total>
<tag>
</tag>
<suite>
<stat pass="1" fail="0" skip="0" id="s1" name="Rejoignez nous Youtube">Rejoignez nous Youtube</stat>
</suite>
</statistics>
<errors>
</errors>
</robot>
